{
  "stats": {
    "suites": 1,
    "tests": 2,
    "passes": 2,
    "pending": 0,
    "failures": 0,
    "testsRegistered": 2,
    "passPercent": 100,
    "pendingPercent": 0,
    "other": 0,
    "hasOther": false,
    "skipped": 0,
    "hasSkipped": false,
    "start": "2024-07-18T22:36:19.176Z",
    "end": "2024-07-18T22:36:20.038Z",
    "duration": 862
  },
  "results": [
    {
      "uuid": "a52cb134-98d3-4186-bc49-34614433d6f2",
      "title": "",
      "fullFile": "cypress/e2e/visit.site.spec.ts",
      "file": "cypress/e2e/visit.site.spec.ts",
      "beforeHooks": [],
      "afterHooks": [],
      "tests": [],
      "suites": [
        {
          "uuid": "49f738ae-dd21-4b25-9783-da95f58ac0b9",
          "title": "Template Description here.",
          "fullFile": "",
          "file": "",
          "beforeHooks": [],
          "afterHooks": [],
          "tests": [
            {
              "title": "Template Test 1 here.",
              "fullTitle": "Template Description here. Template Test 1 here.",
              "timedOut": null,
              "duration": 663,
              "state": "passed",
              "speed": "fast",
              "pass": true,
              "fail": false,
              "pending": false,
              "context": null,
              "code": "cy.log('Running Smoke tests!');\nconsole.log('Running Smoke tests!');",
              "err": {},
              "uuid": "01d841e7-5032-434a-b85b-b468b3b7b296",
              "parentUUID": "49f738ae-dd21-4b25-9783-da95f58ac0b9",
              "isHook": false,
              "skipped": false
            },
            {
              "title": "Template Test 2 here.",
              "fullTitle": "Template Description here. Template Test 2 here.",
              "timedOut": null,
              "duration": 136,
              "state": "passed",
              "speed": "fast",
              "pass": true,
              "fail": false,
              "pending": false,
              "context": null,
              "code": "cy.log('Running Regression tests!');\nconsole.log('Running Regression tests!');",
              "err": {},
              "uuid": "7ff30f08-5ee2-4a1c-b5a8-f72f431e690b",
              "parentUUID": "49f738ae-dd21-4b25-9783-da95f58ac0b9",
              "isHook": false,
              "skipped": false
            }
          ],
          "suites": [],
          "passes": [
            "01d841e7-5032-434a-b85b-b468b3b7b296",
            "7ff30f08-5ee2-4a1c-b5a8-f72f431e690b"
          ],
          "failures": [],
          "pending": [],
          "skipped": [],
          "duration": 799,
          "root": false,
          "rootEmpty": false,
          "_timeout": 2000
        }
      ],
      "passes": [],
      "failures": [],
      "pending": [],
      "skipped": [],
      "duration": 0,
      "root": true,
      "rootEmpty": true,
      "_timeout": 2000
    }
  ],
  "meta": {
    "mocha": {
      "version": "7.0.1"
    },
    "mochawesome": {
      "options": {
        "quiet": false,
        "reportFilename": "mochawesome",
        "saveHtml": false,
        "saveJson": true,
        "consoleReporter": "spec",
        "useInlineDiffs": false,
        "code": true
      },
      "version": "7.1.3"
    },
    "marge": {
      "options": {
        "id": "default",
        "reportDir": "cypress/results/mochawesome",
        "overwrite": false,
        "html": false,
        "json": true
      },
      "version": "6.2.0"
    }
  }
}