{
  "stats": {
    "suites": 1,
    "tests": 2,
    "passes": 2,
    "pending": 0,
    "failures": 0,
    "start": "2024-07-11T21:31:22.905Z",
    "end": "2024-07-11T21:31:24.829Z",
    "duration": 1924,
    "testsRegistered": 2,
    "passPercent": 100,
    "pendingPercent": 0,
    "other": 0,
    "hasOther": false,
    "skipped": 0,
    "hasSkipped": false
  },
  "results": [
    {
      "uuid": "eac40951-7e7d-4515-be8b-cf00e58a0d1b",
      "title": "",
      "fullFile": "cypress/e2e/visit.site.spec.ts",
      "file": "cypress/e2e/visit.site.spec.ts",
      "beforeHooks": [],
      "afterHooks": [],
      "tests": [],
      "suites": [
        {
          "uuid": "22f27203-ccda-4122-9404-5e72c5db3251",
          "title": "Template Description here.",
          "fullFile": "",
          "file": "",
          "beforeHooks": [],
          "afterHooks": [],
          "tests": [
            {
              "title": "Template Test here.",
              "fullTitle": "Template Description here. Template Test here.",
              "timedOut": null,
              "duration": 1678,
              "state": "passed",
              "speed": "fast",
              "pass": true,
              "fail": false,
              "pending": false,
              "context": null,
              "code": "cy.log('Running Smoke tests!');\nconsole.log('Running Smoke tests!');",
              "err": {},
              "uuid": "b0c73b2b-487d-4809-ab14-ca8def8e7837",
              "parentUUID": "22f27203-ccda-4122-9404-5e72c5db3251",
              "isHook": false,
              "skipped": false
            },
            {
              "title": "Template Test here.",
              "fullTitle": "Template Description here. Template Test here.",
              "timedOut": null,
              "duration": 164,
              "state": "passed",
              "speed": "fast",
              "pass": true,
              "fail": false,
              "pending": false,
              "context": null,
              "code": "cy.log('Running Regression tests!');\nconsole.log('Running Regression tests!');",
              "err": {},
              "uuid": "80aa8795-ec0b-4d78-841b-a664bbd01d30",
              "parentUUID": "22f27203-ccda-4122-9404-5e72c5db3251",
              "isHook": false,
              "skipped": false
            }
          ],
          "suites": [],
          "passes": [
            "b0c73b2b-487d-4809-ab14-ca8def8e7837",
            "80aa8795-ec0b-4d78-841b-a664bbd01d30"
          ],
          "failures": [],
          "pending": [],
          "skipped": [],
          "duration": 1842,
          "root": false,
          "rootEmpty": false,
          "_timeout": 2000
        }
      ],
      "passes": [],
      "failures": [],
      "pending": [],
      "skipped": [],
      "duration": 0,
      "root": true,
      "rootEmpty": true,
      "_timeout": 2000
    }
  ],
  "meta": {
    "mocha": {
      "version": "7.0.1"
    },
    "mochawesome": {
      "options": {
        "quiet": false,
        "reportFilename": "mochawesome",
        "saveHtml": false,
        "saveJson": true,
        "consoleReporter": "spec",
        "useInlineDiffs": false,
        "code": true
      },
      "version": "7.1.3"
    },
    "marge": {
      "options": {
        "id": "default",
        "reportDir": "cypress/results/mochawesome",
        "overwrite": false,
        "html": false,
        "json": true
      },
      "version": "6.2.0"
    }
  }
}