{
  "stats": {
    "suites": 1,
    "tests": 2,
    "passes": 2,
    "pending": 0,
    "failures": 0,
    "start": "2024-07-12T14:16:48.559Z",
    "end": "2024-07-12T14:16:52.133Z",
    "duration": 3574,
    "testsRegistered": 2,
    "passPercent": 100,
    "pendingPercent": 0,
    "other": 0,
    "hasOther": false,
    "skipped": 0,
    "hasSkipped": false
  },
  "results": [
    {
      "uuid": "4d2e674e-cef3-4683-b749-cef131d5427a",
      "title": "",
      "fullFile": "cypress/e2e/visit.site.spec.ts",
      "file": "cypress/e2e/visit.site.spec.ts",
      "beforeHooks": [],
      "afterHooks": [],
      "tests": [],
      "suites": [
        {
          "uuid": "eb6d22b9-6786-473b-ba99-cbf04daddaae",
          "title": "Template Description here.",
          "fullFile": "",
          "file": "",
          "beforeHooks": [],
          "afterHooks": [],
          "tests": [
            {
              "title": "Template Test 1 here.",
              "fullTitle": "Template Description here. Template Test 1 here.",
              "timedOut": null,
              "duration": 2985,
              "state": "passed",
              "speed": "fast",
              "pass": true,
              "fail": false,
              "pending": false,
              "context": null,
              "code": "cy.log('Running Smoke tests!');\nconsole.log('Running Smoke tests!');",
              "err": {},
              "uuid": "808f60ae-1c74-41cc-b5e6-016937a62a74",
              "parentUUID": "eb6d22b9-6786-473b-ba99-cbf04daddaae",
              "isHook": false,
              "skipped": false
            },
            {
              "title": "Template Test 2 here.",
              "fullTitle": "Template Description here. Template Test 2 here.",
              "timedOut": null,
              "duration": 324,
              "state": "passed",
              "speed": "fast",
              "pass": true,
              "fail": false,
              "pending": false,
              "context": null,
              "code": "cy.log('Running Regression tests!');\nconsole.log('Running Regression tests!');",
              "err": {},
              "uuid": "c4ed75c0-8c55-4fb9-98ed-570580bcd63c",
              "parentUUID": "eb6d22b9-6786-473b-ba99-cbf04daddaae",
              "isHook": false,
              "skipped": false
            }
          ],
          "suites": [],
          "passes": [
            "808f60ae-1c74-41cc-b5e6-016937a62a74",
            "c4ed75c0-8c55-4fb9-98ed-570580bcd63c"
          ],
          "failures": [],
          "pending": [],
          "skipped": [],
          "duration": 3309,
          "root": false,
          "rootEmpty": false,
          "_timeout": 2000
        }
      ],
      "passes": [],
      "failures": [],
      "pending": [],
      "skipped": [],
      "duration": 0,
      "root": true,
      "rootEmpty": true,
      "_timeout": 2000
    }
  ],
  "meta": {
    "mocha": {
      "version": "7.0.1"
    },
    "mochawesome": {
      "options": {
        "quiet": false,
        "reportFilename": "mochawesome",
        "saveHtml": false,
        "saveJson": true,
        "consoleReporter": "spec",
        "useInlineDiffs": false,
        "code": true
      },
      "version": "7.1.3"
    },
    "marge": {
      "options": {
        "id": "default",
        "reportDir": "cypress/results/mochawesome",
        "overwrite": false,
        "html": false,
        "json": true
      },
      "version": "6.2.0"
    }
  }
}