{
  "stats": {
    "suites": 1,
    "tests": 2,
    "passes": 2,
    "pending": 0,
    "failures": 0,
    "start": "2024-07-12T00:51:35.259Z",
    "end": "2024-07-12T00:51:37.864Z",
    "duration": 2605,
    "testsRegistered": 2,
    "passPercent": 100,
    "pendingPercent": 0,
    "other": 0,
    "hasOther": false,
    "skipped": 0,
    "hasSkipped": false
  },
  "results": [
    {
      "uuid": "31b10fc4-8bd1-4461-af01-5aabac5bb786",
      "title": "",
      "fullFile": "cypress/e2e/visit.site.spec.ts",
      "file": "cypress/e2e/visit.site.spec.ts",
      "beforeHooks": [],
      "afterHooks": [],
      "tests": [],
      "suites": [
        {
          "uuid": "e02821cf-130a-448f-b970-e10758c30226",
          "title": "Template Description here.",
          "fullFile": "",
          "file": "",
          "beforeHooks": [],
          "afterHooks": [],
          "tests": [
            {
              "title": "Template Test here.",
              "fullTitle": "Template Description here. Template Test here.",
              "timedOut": null,
              "duration": 2187,
              "state": "passed",
              "speed": "fast",
              "pass": true,
              "fail": false,
              "pending": false,
              "context": null,
              "code": "cy.log('Running Smoke tests!');\nconsole.log('Running Smoke tests!');",
              "err": {},
              "uuid": "df59aa06-f9bf-4c80-a62f-e1b5bce98170",
              "parentUUID": "e02821cf-130a-448f-b970-e10758c30226",
              "isHook": false,
              "skipped": false
            },
            {
              "title": "Template Test here.",
              "fullTitle": "Template Description here. Template Test here.",
              "timedOut": null,
              "duration": 293,
              "state": "passed",
              "speed": "fast",
              "pass": true,
              "fail": false,
              "pending": false,
              "context": null,
              "code": "cy.log('Running Regression tests!');\nconsole.log('Running Regression tests!');",
              "err": {},
              "uuid": "384d17ac-b33f-4f9c-b080-260d9172c737",
              "parentUUID": "e02821cf-130a-448f-b970-e10758c30226",
              "isHook": false,
              "skipped": false
            }
          ],
          "suites": [],
          "passes": [
            "df59aa06-f9bf-4c80-a62f-e1b5bce98170",
            "384d17ac-b33f-4f9c-b080-260d9172c737"
          ],
          "failures": [],
          "pending": [],
          "skipped": [],
          "duration": 2480,
          "root": false,
          "rootEmpty": false,
          "_timeout": 2000
        }
      ],
      "passes": [],
      "failures": [],
      "pending": [],
      "skipped": [],
      "duration": 0,
      "root": true,
      "rootEmpty": true,
      "_timeout": 2000
    }
  ],
  "meta": {
    "mocha": {
      "version": "7.0.1"
    },
    "mochawesome": {
      "options": {
        "quiet": false,
        "reportFilename": "mochawesome",
        "saveHtml": false,
        "saveJson": true,
        "consoleReporter": "spec",
        "useInlineDiffs": false,
        "code": true
      },
      "version": "7.1.3"
    },
    "marge": {
      "options": {
        "id": "default",
        "reportDir": "cypress/results/mochawesome",
        "overwrite": false,
        "html": false,
        "json": true
      },
      "version": "6.2.0"
    }
  }
}