{
  "stats": {
    "suites": 1,
    "tests": 2,
    "passes": 2,
    "pending": 0,
    "failures": 0,
    "start": "2024-07-12T02:09:33.418Z",
    "end": "2024-07-12T02:09:34.301Z",
    "duration": 883,
    "testsRegistered": 2,
    "passPercent": 100,
    "pendingPercent": 0,
    "other": 0,
    "hasOther": false,
    "skipped": 0,
    "hasSkipped": false
  },
  "results": [
    {
      "uuid": "fd8f347c-5f5f-4e5f-bbdf-33e38d7db331",
      "title": "",
      "fullFile": "cypress/e2e/visit.site.spec.ts",
      "file": "cypress/e2e/visit.site.spec.ts",
      "beforeHooks": [],
      "afterHooks": [],
      "tests": [],
      "suites": [
        {
          "uuid": "827ac0e6-b509-4abd-96f8-e7da80363a49",
          "title": "Template Description here.",
          "fullFile": "",
          "file": "",
          "beforeHooks": [],
          "afterHooks": [],
          "tests": [
            {
              "title": "Template Test 1 here.",
              "fullTitle": "Template Description here. Template Test 1 here.",
              "timedOut": null,
              "duration": 654,
              "state": "passed",
              "speed": "fast",
              "pass": true,
              "fail": false,
              "pending": false,
              "context": null,
              "code": "cy.log('Running Smoke tests!');\nconsole.log('Running Smoke tests!');",
              "err": {},
              "uuid": "55327362-704c-452b-b9f4-c4e2cd02143b",
              "parentUUID": "827ac0e6-b509-4abd-96f8-e7da80363a49",
              "isHook": false,
              "skipped": false
            },
            {
              "title": "Template Test 2 here.",
              "fullTitle": "Template Description here. Template Test 2 here.",
              "timedOut": null,
              "duration": 168,
              "state": "passed",
              "speed": "fast",
              "pass": true,
              "fail": false,
              "pending": false,
              "context": null,
              "code": "cy.log('Running Regression tests!');\nconsole.log('Running Regression tests!');",
              "err": {},
              "uuid": "3cca9459-761f-49f5-800e-791b607f2857",
              "parentUUID": "827ac0e6-b509-4abd-96f8-e7da80363a49",
              "isHook": false,
              "skipped": false
            }
          ],
          "suites": [],
          "passes": [
            "55327362-704c-452b-b9f4-c4e2cd02143b",
            "3cca9459-761f-49f5-800e-791b607f2857"
          ],
          "failures": [],
          "pending": [],
          "skipped": [],
          "duration": 822,
          "root": false,
          "rootEmpty": false,
          "_timeout": 2000
        }
      ],
      "passes": [],
      "failures": [],
      "pending": [],
      "skipped": [],
      "duration": 0,
      "root": true,
      "rootEmpty": true,
      "_timeout": 2000
    }
  ],
  "meta": {
    "mocha": {
      "version": "7.0.1"
    },
    "mochawesome": {
      "options": {
        "quiet": false,
        "reportFilename": "mochawesome",
        "saveHtml": false,
        "saveJson": true,
        "consoleReporter": "spec",
        "useInlineDiffs": false,
        "code": true
      },
      "version": "7.1.3"
    },
    "marge": {
      "options": {
        "id": "default",
        "reportDir": "cypress/results/mochawesome",
        "overwrite": false,
        "html": false,
        "json": true
      },
      "version": "6.2.0"
    }
  }
}