{
  "stats": {
    "suites": 1,
    "tests": 1,
    "passes": 1,
    "pending": 0,
    "failures": 0,
    "start": "2024-07-06T18:33:07.502Z",
    "end": "2024-07-06T18:33:10.557Z",
    "duration": 3055,
    "testsRegistered": 1,
    "passPercent": 100,
    "pendingPercent": 0,
    "other": 0,
    "hasOther": false,
    "skipped": 0,
    "hasSkipped": false
  },
  "results": [
    {
      "uuid": "6020410c-82c2-47fe-b2dd-7c9d2ab5c13d",
      "title": "",
      "fullFile": "cypress/e2e/visit.site.spec.ts",
      "file": "cypress/e2e/visit.site.spec.ts",
      "beforeHooks": [],
      "afterHooks": [],
      "tests": [],
      "suites": [
        {
          "uuid": "415931ac-27c3-489d-837c-0eae3b35e7dc",
          "title": "Template Description here.",
          "fullFile": "",
          "file": "",
          "beforeHooks": [],
          "afterHooks": [],
          "tests": [
            {
              "title": "Template Test here.",
              "fullTitle": "Template Description here. Template Test here.",
              "timedOut": null,
              "duration": 2756,
              "state": "passed",
              "speed": "fast",
              "pass": true,
              "fail": false,
              "pending": false,
              "context": null,
              "code": "",
              "err": {},
              "uuid": "0b0cd211-5f4e-4c7f-ab79-7abd002f72ef",
              "parentUUID": "415931ac-27c3-489d-837c-0eae3b35e7dc",
              "isHook": false,
              "skipped": false
            }
          ],
          "suites": [],
          "passes": [
            "0b0cd211-5f4e-4c7f-ab79-7abd002f72ef"
          ],
          "failures": [],
          "pending": [],
          "skipped": [],
          "duration": 2756,
          "root": false,
          "rootEmpty": false,
          "_timeout": 2000
        }
      ],
      "passes": [],
      "failures": [],
      "pending": [],
      "skipped": [],
      "duration": 0,
      "root": true,
      "rootEmpty": true,
      "_timeout": 2000
    }
  ],
  "meta": {
    "mocha": {
      "version": "7.0.1"
    },
    "mochawesome": {
      "options": {
        "quiet": false,
        "reportFilename": "mochawesome",
        "saveHtml": false,
        "saveJson": true,
        "consoleReporter": "spec",
        "useInlineDiffs": false,
        "code": true
      },
      "version": "7.1.3"
    },
    "marge": {
      "options": {
        "id": "default",
        "reportDir": "cypress/results/mochawesome",
        "overwrite": false,
        "html": false,
        "json": true
      },
      "version": "6.2.0"
    }
  }
}