{
  "stats": {
    "suites": 1,
    "tests": 2,
    "passes": 2,
    "pending": 0,
    "failures": 0,
    "start": "2024-07-18T22:34:20.054Z",
    "end": "2024-07-18T22:34:23.196Z",
    "duration": 3142,
    "testsRegistered": 2,
    "passPercent": 100,
    "pendingPercent": 0,
    "other": 0,
    "hasOther": false,
    "skipped": 0,
    "hasSkipped": false
  },
  "results": [
    {
      "uuid": "ec0d6568-c9ad-4a41-bb7f-038245d2a2a9",
      "title": "",
      "fullFile": "cypress/e2e/visit.site.spec.ts",
      "file": "cypress/e2e/visit.site.spec.ts",
      "beforeHooks": [],
      "afterHooks": [],
      "tests": [],
      "suites": [
        {
          "uuid": "dd0f4528-5f46-4b1f-91a0-96db725e1fbd",
          "title": "Template Description here.",
          "fullFile": "",
          "file": "",
          "beforeHooks": [],
          "afterHooks": [],
          "tests": [
            {
              "title": "Template Test 1 here.",
              "fullTitle": "Template Description here. Template Test 1 here.",
              "timedOut": null,
              "duration": 2756,
              "state": "passed",
              "speed": "fast",
              "pass": true,
              "fail": false,
              "pending": false,
              "context": null,
              "code": "cy.log('Running Smoke tests!');\nconsole.log('Running Smoke tests!');",
              "err": {},
              "uuid": "c5869f42-6c74-422f-8fee-138b13fbb2f2",
              "parentUUID": "dd0f4528-5f46-4b1f-91a0-96db725e1fbd",
              "isHook": false,
              "skipped": false
            },
            {
              "title": "Template Test 2 here.",
              "fullTitle": "Template Description here. Template Test 2 here.",
              "timedOut": null,
              "duration": 256,
              "state": "passed",
              "speed": "fast",
              "pass": true,
              "fail": false,
              "pending": false,
              "context": null,
              "code": "cy.log('Running Regression tests!');\nconsole.log('Running Regression tests!');",
              "err": {},
              "uuid": "224ff3f3-ff06-4380-8c9b-50f6840a2792",
              "parentUUID": "dd0f4528-5f46-4b1f-91a0-96db725e1fbd",
              "isHook": false,
              "skipped": false
            }
          ],
          "suites": [],
          "passes": [
            "c5869f42-6c74-422f-8fee-138b13fbb2f2",
            "224ff3f3-ff06-4380-8c9b-50f6840a2792"
          ],
          "failures": [],
          "pending": [],
          "skipped": [],
          "duration": 3012,
          "root": false,
          "rootEmpty": false,
          "_timeout": 2000
        }
      ],
      "passes": [],
      "failures": [],
      "pending": [],
      "skipped": [],
      "duration": 0,
      "root": true,
      "rootEmpty": true,
      "_timeout": 2000
    }
  ],
  "meta": {
    "mocha": {
      "version": "7.0.1"
    },
    "mochawesome": {
      "options": {
        "quiet": false,
        "reportFilename": "mochawesome",
        "saveHtml": false,
        "saveJson": true,
        "consoleReporter": "spec",
        "useInlineDiffs": false,
        "code": true
      },
      "version": "7.1.3"
    },
    "marge": {
      "options": {
        "id": "default",
        "reportDir": "cypress/results/mochawesome",
        "overwrite": false,
        "html": false,
        "json": true
      },
      "version": "6.2.0"
    }
  }
}