<?xml version="1.0" encoding="UTF-8"?>
<testsuites name="Mocha Tests" time="0.883" tests="2" failures="0">
  <testsuite name="Root Suite" timestamp="2024-07-12T02:09:33" tests="0" file="cypress/e2e/visit.site.spec.ts" time="0.000" failures="0">
  </testsuite>
  <testsuite name="Template Description here." timestamp="2024-07-12T02:09:33" tests="2" time="0.834" failures="0">
    <testcase name="Template Description here. Template Test 1 here." time="0.654" classname="Template Test 1 here.">
    </testcase>
    <testcase name="Template Description here. Template Test 2 here." time="0.168" classname="Template Test 2 here.">
    </testcase>
  </testsuite>
</testsuites>