<?xml version="1.0" encoding="UTF-8"?>
<testsuites name="Mocha Tests" time="0.779" tests="1" failures="0">
  <testsuite name="Root Suite" timestamp="2024-07-06T16:38:00" tests="0" file="cypress/e2e/visit.site.spec.ts" time="0.000" failures="0">
  </testsuite>
  <testsuite name="Template Description here." timestamp="2024-07-06T16:38:00" tests="1" time="0.776" failures="0">
    <testcase name="Template Description here. Template Test here." time="0.758" classname="Template Test here.">
    </testcase>
  </testsuite>
</testsuites>