<?xml version="1.0" encoding="UTF-8"?>
<testsuites name="Mocha Tests" time="3.055" tests="1" failures="0">
  <testsuite name="Root Suite" timestamp="2024-07-06T18:33:07" tests="0" file="cypress/e2e/visit.site.spec.ts" time="0.000" failures="0">
  </testsuite>
  <testsuite name="Template Description here." timestamp="2024-07-06T18:33:07" tests="1" time="2.987" failures="0">
    <testcase name="Template Description here. Template Test here." time="2.756" classname="Template Test here.">
    </testcase>
  </testsuite>
</testsuites>