<?xml version="1.0" encoding="UTF-8"?>
<testsuites name="Mocha Tests" time="3.574" tests="2" failures="0">
  <testsuite name="Root Suite" timestamp="2024-07-12T14:16:48" tests="0" file="cypress/e2e/visit.site.spec.ts" time="0.000" failures="0">
  </testsuite>
  <testsuite name="Template Description here." timestamp="2024-07-12T14:16:49" tests="2" time="2.473" failures="0">
    <testcase name="Template Description here. Template Test 1 here." time="2.985" classname="Template Test 1 here.">
    </testcase>
    <testcase name="Template Description here. Template Test 2 here." time="0.324" classname="Template Test 2 here.">
    </testcase>
  </testsuite>
</testsuites>