<?xml version="1.0" encoding="UTF-8"?>
<testsuites name="Mocha Tests" time="4.215" tests="2" failures="0">
  <testsuite name="Root Suite" timestamp="2024-07-12T01:08:12" tests="0" file="cypress/e2e/visit.site.spec.ts" time="0.000" failures="0">
  </testsuite>
  <testsuite name="Template Description here." timestamp="2024-07-12T01:08:13" tests="2" time="3.120" failures="0">
    <testcase name="Template Description here. Template Test here." time="3.157" classname="Template Test here.">
    </testcase>
    <testcase name="Template Description here. Template Test here." time="0.276" classname="Template Test here.">
    </testcase>
  </testsuite>
</testsuites>