<?xml version="1.0" encoding="UTF-8"?>
<testsuites name="Mocha Tests" time="0.882" tests="2" failures="0">
  <testsuite name="Root Suite" timestamp="2024-07-11T22:43:33" tests="0" file="cypress/e2e/visit.site.spec.ts" time="0.000" failures="0">
  </testsuite>
  <testsuite name="Template Description here." timestamp="2024-07-11T22:43:33" tests="2" time="0.871" failures="0">
    <testcase name="Template Description here. Template Test here." time="0.637" classname="Template Test here.">
    </testcase>
    <testcase name="Template Description here. Template Test here." time="0.168" classname="Template Test here.">
    </testcase>
  </testsuite>
</testsuites>